<?xml version="1.0" encoding="UTF-8" ?>
<testsuites disabled="0" errors="0" failures="1" tests="1" time="5.01">
 <testsuite name="API tests for: /categories/" timestamp="2018-10-26T14:47:18" hostname="localhost" time="5.01" errors="0" tests="1" skipped="0" disabled="0" failures="1">
  <testcase classname="API tests for: /categories/" name="GET requet for: /categories/.For GET All Expect: status code 200 &amp; body not to Be Falsy" time="5.008">
   <failure type="exception" message="Error: Timeout - Async callback was not invoked within timeout specified by jasmine.DEFAULT_TIMEOUT_INTERVAL."><![CDATA[Error: Timeout - Async callback was not invoked within timeout specified by jasmine.DEFAULT_TIMEOUT_INTERVAL.
    at Timeout._onTimeout (/Users/iposter/.nvm/versions/node/v8.9.1/lib/node_modules/jasmine/node_modules/jasmine-core/lib/jasmine-core/jasmine.js:4281:23)
    at ontimeout (timers.js:475:11)
    at tryOnTimeout (timers.js:310:5)
    at Timer.listOnTimeout (timers.js:270:5)]]>
   </failure>
  </testcase>
 </testsuite>
</testsuites>